<?xml version="1.0" encoding="UTF-8"?>
<testsuite xmlns:xsi="http://www.w3.org/2001/XMLSchema-instance" xsi:noNamespaceSchemaLocation="https://maven.apache.org/surefire/maven-surefire-plugin/xsd/surefire-test-report.xsd" version="3.0.2" name="mns.hrg.m2i2.M2i2ApplicationTests" time="15.672" tests="1" errors="0" skipped="0" failures="0">
  <properties>
[...]
</properties>
  <testcase name="contextLoads" classname="mns.hrg.m2i2.M2i2ApplicationTests" time="1.054">
    <system-out><![CDATA[09:24:31.681 [main] INFO org.springframework.test.context.support.AnnotationConfigContextLoaderUtils -- Could not detect default configuration classes for test class [mns.hrg.m2i2.M2i2ApplicationTests]: M2i2ApplicationTests does not declare any static, non-private, non-final, nested classes annotated with @Configuration.
09:24:31.885 [main] INFO org.springframework.boot.test.context.SpringBootTestContextBootstrapper -- Found @SpringBootConfiguration mns.hrg.m2i2.M2i2Application for test class mns.hrg.m2i2.M2i2ApplicationTests
09:24:32.347 [main] INFO org.springframework.boot.devtools.restart.RestartApplicationListener -- Restart disabled due to context in which it is running

  .   ____          _            __ _ _
 /\\ / ___'_ __ _ _(_)_ __  __ _ \ \ \ \
( ( )\___ | '_ | '_| | '_ \/ _` | \ \ \ \
 \\/  ___)| |_)| | | | | || (_| |  ) ) ) )
  '  |____| .__|_| |_|_| |_\__, | / / / /
 =========|_|==============|___/=/_/_/_/

 :: Spring Boot ::                (v3.5.0)

2025-07-18T09:24:33.553+02:00  INFO 2512 --- [m2i2] [           main] mns.hrg.m2i2.M2i2ApplicationTests        : Starting M2i2ApplicationTests using Java 17.0.10 with PID 2512 (started by Mariane Aharag in C:\Users\Mariane Aharag\Desktop\MNS\Java\java\m2i2)
2025-07-18T09:24:33.556+02:00  INFO 2512 --- [m2i2] [           main] mns.hrg.m2i2.M2i2ApplicationTests        : No active profile set, falling back to 1 default profile: "default"
2025-07-18T09:24:35.972+02:00  INFO 2512 --- [m2i2] [           main] .s.d.r.c.RepositoryConfigurationDelegate : Bootstrapping Spring Data JPA repositories in DEFAULT mode.
2025-07-18T09:24:36.119+02:00  INFO 2512 --- [m2i2] [           main] .s.d.r.c.RepositoryConfigurationDelegate : Finished Spring Data repository scanning in 113 ms. Found 2 JPA repository interfaces.
2025-07-18T09:24:37.234+02:00  INFO 2512 --- [m2i2] [           main] o.hibernate.jpa.internal.util.LogHelper  : HHH000204: Processing PersistenceUnitInfo [name: default]
2025-07-18T09:24:37.392+02:00  INFO 2512 --- [m2i2] [           main] org.hibernate.Version                    : HHH000412: Hibernate ORM core version 6.6.15.Final
2025-07-18T09:24:37.485+02:00  INFO 2512 --- [m2i2] [           main] o.h.c.internal.RegionFactoryInitiator    : HHH000026: Second-level cache disabled
2025-07-18T09:24:38.339+02:00  INFO 2512 --- [m2i2] [           main] o.s.o.j.p.SpringPersistenceUnitInfo      : No LoadTimeWeaver setup: ignoring JPA class transformer
2025-07-18T09:24:38.418+02:00  INFO 2512 --- [m2i2] [           main] com.zaxxer.hikari.HikariDataSource       : HikariPool-1 - Starting...
2025-07-18T09:24:38.800+02:00  INFO 2512 --- [m2i2] [           main] com.zaxxer.hikari.pool.HikariPool        : HikariPool-1 - Added connection com.mysql.cj.jdbc.ConnectionImpl@1bb172dd
2025-07-18T09:24:38.804+02:00  INFO 2512 --- [m2i2] [           main] com.zaxxer.hikari.HikariDataSource       : HikariPool-1 - Start completed.
2025-07-18T09:24:38.964+02:00  INFO 2512 --- [m2i2] [           main] org.hibernate.orm.connections.pooling    : HHH10001005: Database info:
	Database JDBC URL [Connecting through datasource 'HikariDataSource (HikariPool-1)']
	Database driver: undefined/unknown
	Database version: 9.1
	Autocommit mode: undefined/unknown
	Isolation level: undefined/unknown
	Minimum pool size: undefined/unknown
	Maximum pool size: undefined/unknown
2025-07-18T09:24:41.032+02:00  INFO 2512 --- [m2i2] [           main] o.h.e.t.j.p.i.JtaPlatformInitiator       : HHH000489: No JTA platform available (set 'hibernate.transaction.jta.platform' to enable JTA platform integration)
2025-07-18T09:24:42.510+02:00  INFO 2512 --- [m2i2] [           main] j.LocalContainerEntityManagerFactoryBean : Initialized JPA EntityManagerFactory for persistence unit 'default'
2025-07-18T09:24:43.731+02:00  WARN 2512 --- [m2i2] [           main] JpaBaseConfiguration$JpaWebConfiguration : spring.jpa.open-in-view is enabled by default. Therefore, database queries may be performed during view rendering. Explicitly configure spring.jpa.open-in-view to disable this warning
2025-07-18T09:24:43.822+02:00  INFO 2512 --- [m2i2] [           main] eAuthenticationProviderManagerConfigurer : Global AuthenticationManager configured with AuthenticationProvider bean with name authProvider
2025-07-18T09:24:43.823+02:00  WARN 2512 --- [m2i2] [           main] r$InitializeUserDetailsManagerConfigurer : Global AuthenticationManager configured with an AuthenticationProvider bean. UserDetailsService beans will not be used by Spring Security for automatically configuring username/password login. Consider removing the AuthenticationProvider bean. Alternatively, consider using the UserDetailsService in a manually instantiated DaoAuthenticationProvider. If the current configuration is intentional, to turn off this warning, increase the logging level of 'org.springframework.security.config.annotation.authentication.configuration.InitializeUserDetailsBeanManagerConfigurer' to ERROR
2025-07-18T09:24:45.966+02:00  INFO 2512 --- [m2i2] [           main] mns.hrg.m2i2.M2i2ApplicationTests        : Started M2i2ApplicationTests in 13.641 seconds (process running for 16.06)
]]></system-out>
  </testcase>
</testsuite>